Build started 03-03-2024 11:15:59.
     1>Project "C:\Users\lakshya\Desktop\sem6\CS 346\adminepage\adminepage\adminepage.vcxproj" on node 2 (build target(s)).
     1>InitializeBuildStatus:
         Creating "Debug\adminepage.unsuccessfulbuild" because "AlwaysCreate" was specified.
       GenerateTargetFrameworkMonikerAttribute:
       Skipping target "GenerateTargetFrameworkMonikerAttribute" because all output files are up-to-date with respect to the input files.
       ClCompile:
         C:\Program Files (x86)\Microsoft Visual Studio 10.0\VC\bin\CL.exe /c /AI"C:\Program Files (x86)\Reference Assemblies\Microsoft\Framework\.NETFramework\v4.0" /Zi /clr /nologo /W3 /WX- /Od /Oy- /D WIN32 /D _DEBUG /D _UNICODE /D UNICODE /EHa /MDd /GS /fp:precise /Zc:wchar_t /Zc:forScope /Fo"Debug\\" /Fd"Debug\vc100.pdb" /TP /FU"C:\Program Files (x86)\Reference Assemblies\Microsoft\Framework\.NETFramework\v4.0\System.Core.dll" /FU"C:\Program Files (x86)\Reference Assemblies\Microsoft\Framework\.NETFramework\v4.0\System.Data.dll" /FU"C:\Program Files (x86)\Reference Assemblies\Microsoft\Framework\.NETFramework\v4.0\System.dll" /FU"C:\Program Files (x86)\Reference Assemblies\Microsoft\Framework\.NETFramework\v4.0\System.Drawing.dll" /FU"C:\Program Files (x86)\Reference Assemblies\Microsoft\Framework\.NETFramework\v4.0\System.Windows.Forms.dll" /FU"C:\Program Files (x86)\Reference Assemblies\Microsoft\Framework\.NETFramework\v4.0\System.Xml.dll" /analyze- /errorReport:prompt mainform.cpp /clr:nostdlib 
         mainform.cpp
     1>c:\users\lakshya\desktop\sem6\cs 346\adminepage\adminepage\mainpage_admin.h(482): warning C4101: 'ex' : unreferenced local variable
         All outputs are up-to-date.
       CoreResGen:
         No resources are out of date with respect to their source files. Skipping resource generation.
       Link:
         C:\Program Files (x86)\Microsoft Visual Studio 10.0\VC\bin\link.exe /ERRORREPORT:PROMPT /OUT:"C:\Users\lakshya\Desktop\sem6\CS 346\adminepage\Debug\adminepage.exe" /INCREMENTAL /NOLOGO /ASSEMBLYRESOURCE:Debug\adminepage.mainform.resources /ASSEMBLYRESOURCE:Debug\adminepage.mainpage_admin.resources /MANIFEST /ManifestFile:"Debug\adminepage.exe.intermediate.manifest" /MANIFESTUAC:"level='asInvoker' uiAccess='false'" /DEBUG /PDB:"C:\Users\lakshya\Desktop\sem6\CS 346\adminepage\Debug\adminepage.pdb" /ASSEMBLYDEBUG /TLBID:1 /DYNAMICBASE /FIXED:NO /NXCOMPAT /MACHINE:X86 Debug\mainform.obj
         Debug\mainpage_admin.obj
         "Debug\.NETFramework,Version=v4.0.AssemblyAttributes.obj"
         adminepage.vcxproj -> C:\Users\lakshya\Desktop\sem6\CS 346\adminepage\Debug\adminepage.exe
       Manifest:
         C:\Program Files (x86)\Microsoft SDKs\Windows\v7.0A\bin\mt.exe /nologo /verbose /outputresource:"C:\Users\lakshya\Desktop\sem6\CS 346\adminepage\Debug\adminepage.exe;#1" /manifest Debug\adminepage.exe.intermediate.manifest
       FinalizeBuildStatus:
         Deleting file "Debug\adminepage.unsuccessfulbuild".
         Touching "Debug\adminepage.lastbuildstate".
     1>Done Building Project "C:\Users\lakshya\Desktop\sem6\CS 346\adminepage\adminepage\adminepage.vcxproj" (build target(s)).

Build succeeded.

Time Elapsed 00:00:01.63
