C:\Users\lakshya\Desktop\sem6\CS 346\adminepage\adminepage\Debug\.NETFramework,Version=v4.0.AssemblyAttributes.obj
C:\Users\lakshya\Desktop\sem6\CS 346\adminepage\adminepage\Debug\adminepage.exe.intermediate.manifest
C:\Users\lakshya\Desktop\sem6\CS 346\adminepage\adminepage\Debug\adminepage.mainform.resources
C:\Users\lakshya\Desktop\sem6\CS 346\adminepage\adminepage\Debug\adminepage.mainpage_admin.resources
C:\Users\lakshya\Desktop\sem6\CS 346\adminepage\adminepage\Debug\adminepage.vcxproj.GenerateResource.Cache
C:\Users\lakshya\Desktop\sem6\CS 346\adminepage\adminepage\Debug\adminepage.vcxprojResolveAssemblyReference.cache
C:\Users\lakshya\Desktop\sem6\CS 346\adminepage\adminepage\Debug\adminepage.write.1.tlog
C:\Users\lakshya\Desktop\sem6\CS 346\adminepage\adminepage\Debug\cl.command.1.tlog
C:\Users\lakshya\Desktop\sem6\CS 346\adminepage\adminepage\Debug\CL.read.1.tlog
C:\Users\lakshya\Desktop\sem6\CS 346\adminepage\adminepage\Debug\CL.write.1.tlog
C:\Users\lakshya\Desktop\sem6\CS 346\adminepage\adminepage\Debug\link.10700.read.1.tlog
C:\Users\lakshya\Desktop\sem6\CS 346\adminepage\adminepage\Debug\link.10700.write.1.tlog
C:\Users\lakshya\Desktop\sem6\CS 346\adminepage\adminepage\Debug\link.12324.read.1.tlog
C:\Users\lakshya\Desktop\sem6\CS 346\adminepage\adminepage\Debug\link.12324.write.1.tlog
C:\Users\lakshya\Desktop\sem6\CS 346\adminepage\adminepage\Debug\link.12940.read.1.tlog
C:\Users\lakshya\Desktop\sem6\CS 346\adminepage\adminepage\Debug\link.12940.write.1.tlog
C:\Users\lakshya\Desktop\sem6\CS 346\adminepage\adminepage\Debug\link.14344.read.1.tlog
C:\Users\lakshya\Desktop\sem6\CS 346\adminepage\adminepage\Debug\link.14344.write.1.tlog
C:\Users\lakshya\Desktop\sem6\CS 346\adminepage\adminepage\Debug\link.14364.read.1.tlog
C:\Users\lakshya\Desktop\sem6\CS 346\adminepage\adminepage\Debug\link.14364.write.1.tlog
C:\Users\lakshya\Desktop\sem6\CS 346\adminepage\adminepage\Debug\link.16908.read.1.tlog
C:\Users\lakshya\Desktop\sem6\CS 346\adminepage\adminepage\Debug\link.16908.write.1.tlog
C:\Users\lakshya\Desktop\sem6\CS 346\adminepage\adminepage\Debug\link.20064.read.1.tlog
C:\Users\lakshya\Desktop\sem6\CS 346\adminepage\adminepage\Debug\link.20064.write.1.tlog
C:\Users\lakshya\Desktop\sem6\CS 346\adminepage\adminepage\Debug\link.20384.read.1.tlog
C:\Users\lakshya\Desktop\sem6\CS 346\adminepage\adminepage\Debug\link.20384.write.1.tlog
C:\Users\lakshya\Desktop\sem6\CS 346\adminepage\adminepage\Debug\link.20816.read.1.tlog
C:\Users\lakshya\Desktop\sem6\CS 346\adminepage\adminepage\Debug\link.20816.write.1.tlog
C:\Users\lakshya\Desktop\sem6\CS 346\adminepage\adminepage\Debug\link.24392.read.1.tlog
C:\Users\lakshya\Desktop\sem6\CS 346\adminepage\adminepage\Debug\link.24392.write.1.tlog
C:\Users\lakshya\Desktop\sem6\CS 346\adminepage\adminepage\Debug\link.25160.read.1.tlog
C:\Users\lakshya\Desktop\sem6\CS 346\adminepage\adminepage\Debug\link.25160.write.1.tlog
C:\Users\lakshya\Desktop\sem6\CS 346\adminepage\adminepage\Debug\link.29192.read.1.tlog
C:\Users\lakshya\Desktop\sem6\CS 346\adminepage\adminepage\Debug\link.29192.write.1.tlog
C:\Users\lakshya\Desktop\sem6\CS 346\adminepage\adminepage\Debug\link.29460.read.1.tlog
C:\Users\lakshya\Desktop\sem6\CS 346\adminepage\adminepage\Debug\link.29460.write.1.tlog
C:\Users\lakshya\Desktop\sem6\CS 346\adminepage\adminepage\Debug\link.31204.read.1.tlog
C:\Users\lakshya\Desktop\sem6\CS 346\adminepage\adminepage\Debug\link.31204.write.1.tlog
C:\Users\lakshya\Desktop\sem6\CS 346\adminepage\adminepage\Debug\link.33280.read.1.tlog
C:\Users\lakshya\Desktop\sem6\CS 346\adminepage\adminepage\Debug\link.33280.write.1.tlog
C:\Users\lakshya\Desktop\sem6\CS 346\adminepage\adminepage\Debug\link.33564.read.1.tlog
C:\Users\lakshya\Desktop\sem6\CS 346\adminepage\adminepage\Debug\link.33564.write.1.tlog
C:\Users\lakshya\Desktop\sem6\CS 346\adminepage\adminepage\Debug\link.8168.read.1.tlog
C:\Users\lakshya\Desktop\sem6\CS 346\adminepage\adminepage\Debug\link.8168.write.1.tlog
C:\Users\lakshya\Desktop\sem6\CS 346\adminepage\adminepage\Debug\link.8488.read.1.tlog
C:\Users\lakshya\Desktop\sem6\CS 346\adminepage\adminepage\Debug\link.8488.write.1.tlog
C:\Users\lakshya\Desktop\sem6\CS 346\adminepage\adminepage\Debug\link.command.1.tlog
C:\Users\lakshya\Desktop\sem6\CS 346\adminepage\adminepage\Debug\link.read.1.tlog
C:\Users\lakshya\Desktop\sem6\CS 346\adminepage\adminepage\Debug\link.write.1.tlog
C:\Users\lakshya\Desktop\sem6\CS 346\adminepage\adminepage\Debug\mainform.obj
C:\Users\lakshya\Desktop\sem6\CS 346\adminepage\adminepage\Debug\mainpage_admin.obj
C:\Users\lakshya\Desktop\sem6\CS 346\adminepage\adminepage\Debug\mt.command.1.tlog
C:\Users\lakshya\Desktop\sem6\CS 346\adminepage\adminepage\Debug\mt.read.1.tlog
C:\Users\lakshya\Desktop\sem6\CS 346\adminepage\adminepage\Debug\mt.write.1.tlog
C:\Users\lakshya\Desktop\sem6\CS 346\adminepage\adminepage\Debug\vc100.pdb
C:\Users\lakshya\Desktop\sem6\CS 346\adminepage\Debug\adminepage.exe
C:\Users\lakshya\Desktop\sem6\CS 346\adminepage\Debug\adminepage.ilk
C:\Users\lakshya\Desktop\sem6\CS 346\adminepage\Debug\adminepage.pdb
D:\PROJECTS\SOFTWARE\ADMINEPAGE3\ADMINEPAGE\ADMINEPAGE\DEBUG\.NETFRAMEWORK,VERSION=V4.0.ASSEMBLYATTRIBUTES.OBJ
D:\PROJECTS\SOFTWARE\ADMINEPAGE3\ADMINEPAGE\ADMINEPAGE\DEBUG\ADMINEPAGE.EXE.INTERMEDIATE.MANIFEST
D:\PROJECTS\SOFTWARE\ADMINEPAGE3\ADMINEPAGE\ADMINEPAGE\DEBUG\MAINFORM.OBJ
D:\PROJECTS\SOFTWARE\ADMINEPAGE3\ADMINEPAGE\ADMINEPAGE\DEBUG\MAINPAGE_ADMIN.OBJ
D:\PROJECTS\SOFTWARE\ADMINEPAGE3\ADMINEPAGE\ADMINEPAGE\DEBUG\VC100.PDB
D:\PROJECTS\SOFTWARE\ADMINEPAGE3\ADMINEPAGE\DEBUG\ADMINEPAGE.EXE
D:\PROJECTS\SOFTWARE\ADMINEPAGE3\ADMINEPAGE\DEBUG\ADMINEPAGE.ILK
D:\PROJECTS\SOFTWARE\ADMINEPAGE3\ADMINEPAGE\DEBUG\ADMINEPAGE.PDB
