C:\USERS\LAKSHYA\DESKTOP\SEM6\CS 346\LOGIN\LOGIN\DEBUG\LOGIN.EXE
C:\USERS\LAKSHYA\DESKTOP\SEM6\CS 346\LOGIN\LOGIN\DEBUG\LOGIN.ILK
C:\USERS\LAKSHYA\DESKTOP\SEM6\CS 346\LOGIN\LOGIN\DEBUG\LOGIN.PDB
C:\USERS\LAKSHYA\DESKTOP\SEM6\CS 346\LOGIN\LOGIN\LOGIN\DEBUG\.NETFRAMEWORK,VERSION=V4.0.ASSEMBLYATTRIBUTES.OBJ
C:\USERS\LAKSHYA\DESKTOP\SEM6\CS 346\LOGIN\LOGIN\LOGIN\DEBUG\APP.RES
C:\USERS\LAKSHYA\DESKTOP\SEM6\CS 346\LOGIN\LOGIN\LOGIN\DEBUG\ASSEMBLYINFO.OBJ
C:\Users\lakshya\Desktop\sem6\CS 346\login\login\login\Debug\cl.command.1.tlog
C:\Users\lakshya\Desktop\sem6\CS 346\login\login\login\Debug\CL.read.1.tlog
C:\Users\lakshya\Desktop\sem6\CS 346\login\login\login\Debug\CL.write.1.tlog
C:\Users\lakshya\Desktop\sem6\CS 346\login\login\login\Debug\link.12380.read.1.tlog
C:\Users\lakshya\Desktop\sem6\CS 346\login\login\login\Debug\link.12380.write.1.tlog
C:\Users\lakshya\Desktop\sem6\CS 346\login\login\login\Debug\link.12380-cvtres.read.1.tlog
C:\Users\lakshya\Desktop\sem6\CS 346\login\login\login\Debug\link.12380-cvtres.write.1.tlog
C:\Users\lakshya\Desktop\sem6\CS 346\login\login\login\Debug\link.command.1.tlog
C:\Users\lakshya\Desktop\sem6\CS 346\login\login\login\Debug\link.read.1.tlog
C:\Users\lakshya\Desktop\sem6\CS 346\login\login\login\Debug\link.write.1.tlog
C:\USERS\LAKSHYA\DESKTOP\SEM6\CS 346\LOGIN\LOGIN\LOGIN\DEBUG\LOGIN.EXE.INTERMEDIATE.MANIFEST
C:\Users\lakshya\Desktop\sem6\CS 346\login\login\login\Debug\login.Form1.resources
C:\USERS\LAKSHYA\DESKTOP\SEM6\CS 346\LOGIN\LOGIN\LOGIN\DEBUG\LOGIN.OBJ
C:\USERS\LAKSHYA\DESKTOP\SEM6\CS 346\LOGIN\LOGIN\LOGIN\DEBUG\LOGIN.PCH
C:\Users\lakshya\Desktop\sem6\CS 346\login\login\login\Debug\login.signup.resources
C:\Users\lakshya\Desktop\sem6\CS 346\login\login\login\Debug\login.start_page.resources
C:\Users\lakshya\Desktop\sem6\CS 346\login\login\login\Debug\login.vcxproj.GenerateResource.Cache
C:\Users\lakshya\Desktop\sem6\CS 346\login\login\login\Debug\login.vcxprojResolveAssemblyReference.cache
C:\Users\lakshya\Desktop\sem6\CS 346\login\login\login\Debug\login.write.1.tlog
C:\Users\lakshya\Desktop\sem6\CS 346\login\login\login\Debug\mt.command.1.tlog
C:\Users\lakshya\Desktop\sem6\CS 346\login\login\login\Debug\mt.read.1.tlog
C:\Users\lakshya\Desktop\sem6\CS 346\login\login\login\Debug\mt.write.1.tlog
C:\Users\lakshya\Desktop\sem6\CS 346\login\login\login\Debug\rc.command.1.tlog
C:\Users\lakshya\Desktop\sem6\CS 346\login\login\login\Debug\rc.read.1.tlog
C:\Users\lakshya\Desktop\sem6\CS 346\login\login\login\Debug\rc.write.1.tlog
C:\USERS\LAKSHYA\DESKTOP\SEM6\CS 346\LOGIN\LOGIN\LOGIN\DEBUG\SIGNUP.OBJ
C:\USERS\LAKSHYA\DESKTOP\SEM6\CS 346\LOGIN\LOGIN\LOGIN\DEBUG\START_PAGE.OBJ
C:\USERS\LAKSHYA\DESKTOP\SEM6\CS 346\LOGIN\LOGIN\LOGIN\DEBUG\STDAFX.OBJ
C:\USERS\LAKSHYA\DESKTOP\SEM6\CS 346\LOGIN\LOGIN\LOGIN\DEBUG\VC100.PDB
