C:\USERS\LAKSHYA\DESKTOP\SEM6\CS 346\LOGIN2\DEBUG\LOGIN.EXE
C:\USERS\LAKSHYA\DESKTOP\SEM6\CS 346\LOGIN2\DEBUG\LOGIN.ILK
C:\USERS\LAKSHYA\DESKTOP\SEM6\CS 346\LOGIN2\DEBUG\LOGIN.PDB
C:\USERS\LAKSHYA\DESKTOP\SEM6\CS 346\LOGIN2\LOGIN\DEBUG\.NETFRAMEWORK,VERSION=V4.0.ASSEMBLYATTRIBUTES.OBJ
C:\USERS\LAKSHYA\DESKTOP\SEM6\CS 346\LOGIN2\LOGIN\DEBUG\APP.RES
C:\USERS\LAKSHYA\DESKTOP\SEM6\CS 346\LOGIN2\LOGIN\DEBUG\ASSEMBLYINFO.OBJ
C:\Users\lakshya\Desktop\sem6\CS 346\login2\login\Debug\cl.command.1.tlog
C:\Users\lakshya\Desktop\sem6\CS 346\login2\login\Debug\CL.read.1.tlog
C:\Users\lakshya\Desktop\sem6\CS 346\login2\login\Debug\CL.write.1.tlog
C:\USERS\LAKSHYA\DESKTOP\SEM6\CS 346\LOGIN2\LOGIN\DEBUG\EXAMPAGE.OBJ
C:\Users\lakshya\Desktop\sem6\CS 346\login2\login\Debug\link.8528.read.1.tlog
C:\Users\lakshya\Desktop\sem6\CS 346\login2\login\Debug\link.8528.write.1.tlog
C:\Users\lakshya\Desktop\sem6\CS 346\login2\login\Debug\link.8528-cvtres.read.1.tlog
C:\Users\lakshya\Desktop\sem6\CS 346\login2\login\Debug\link.8528-cvtres.write.1.tlog
C:\Users\lakshya\Desktop\sem6\CS 346\login2\login\Debug\link.command.1.tlog
C:\Users\lakshya\Desktop\sem6\CS 346\login2\login\Debug\link.read.1.tlog
C:\Users\lakshya\Desktop\sem6\CS 346\login2\login\Debug\link.write.1.tlog
C:\Users\lakshya\Desktop\sem6\CS 346\login2\login\Debug\login.adminepage.adminepage.mainform.resources
C:\Users\lakshya\Desktop\sem6\CS 346\login2\login\Debug\login.adminepage.adminepage.mainpage_admin.resources
C:\Users\lakshya\Desktop\sem6\CS 346\login2\login\Debug\login.examPage.resources
C:\USERS\LAKSHYA\DESKTOP\SEM6\CS 346\LOGIN2\LOGIN\DEBUG\LOGIN.EXE.INTERMEDIATE.MANIFEST
C:\Users\lakshya\Desktop\sem6\CS 346\login2\login\Debug\login.Form1.resources
C:\Users\lakshya\Desktop\sem6\CS 346\login2\login\Debug\login.mainform.resources
C:\Users\lakshya\Desktop\sem6\CS 346\login2\login\Debug\login.mainpage_admin.resources
C:\USERS\LAKSHYA\DESKTOP\SEM6\CS 346\LOGIN2\LOGIN\DEBUG\LOGIN.OBJ
C:\USERS\LAKSHYA\DESKTOP\SEM6\CS 346\LOGIN2\LOGIN\DEBUG\LOGIN.PCH
C:\Users\lakshya\Desktop\sem6\CS 346\login2\login\Debug\login.scoreCard.resources
C:\Users\lakshya\Desktop\sem6\CS 346\login2\login\Debug\login.scoreCard.scoreCard.scoreCard.resources
C:\Users\lakshya\Desktop\sem6\CS 346\login2\login\Debug\login.signup.resources
C:\Users\lakshya\Desktop\sem6\CS 346\login2\login\Debug\login.start_page.resources
C:\Users\lakshya\Desktop\sem6\CS 346\login2\login\Debug\login.tryy.tryy.Form1.resources
C:\Users\lakshya\Desktop\sem6\CS 346\login2\login\Debug\login.vcxproj.GenerateResource.Cache
C:\Users\lakshya\Desktop\sem6\CS 346\login2\login\Debug\login.write.1.tlog
C:\USERS\LAKSHYA\DESKTOP\SEM6\CS 346\LOGIN2\LOGIN\DEBUG\MAINFORM.OBJ
C:\USERS\LAKSHYA\DESKTOP\SEM6\CS 346\LOGIN2\LOGIN\DEBUG\MAINPAGE_ADMIN.OBJ
C:\Users\lakshya\Desktop\sem6\CS 346\login2\login\Debug\mt.command.1.tlog
C:\Users\lakshya\Desktop\sem6\CS 346\login2\login\Debug\mt.read.1.tlog
C:\Users\lakshya\Desktop\sem6\CS 346\login2\login\Debug\mt.write.1.tlog
C:\Users\lakshya\Desktop\sem6\CS 346\login2\login\Debug\rc.command.1.tlog
C:\Users\lakshya\Desktop\sem6\CS 346\login2\login\Debug\rc.read.1.tlog
C:\Users\lakshya\Desktop\sem6\CS 346\login2\login\Debug\rc.write.1.tlog
C:\USERS\LAKSHYA\DESKTOP\SEM6\CS 346\LOGIN2\LOGIN\DEBUG\SCORECARD.OBJ
C:\USERS\LAKSHYA\DESKTOP\SEM6\CS 346\LOGIN2\LOGIN\DEBUG\SCORECARD.RES
C:\USERS\LAKSHYA\DESKTOP\SEM6\CS 346\LOGIN2\LOGIN\DEBUG\SIGNUP.OBJ
C:\USERS\LAKSHYA\DESKTOP\SEM6\CS 346\LOGIN2\LOGIN\DEBUG\START_PAGE.OBJ
C:\USERS\LAKSHYA\DESKTOP\SEM6\CS 346\LOGIN2\LOGIN\DEBUG\STDAFX.OBJ
C:\USERS\LAKSHYA\DESKTOP\SEM6\CS 346\LOGIN2\LOGIN\DEBUG\VC100.PDB
