C:\USERS\LAKSHYA\DESKTOP\SEM6\CS 346\SCORECARD\DEBUG\SCORECARD.EXE
C:\USERS\LAKSHYA\DESKTOP\SEM6\CS 346\SCORECARD\DEBUG\SCORECARD.ILK
C:\USERS\LAKSHYA\DESKTOP\SEM6\CS 346\SCORECARD\DEBUG\SCORECARD.PDB
C:\USERS\LAKSHYA\DESKTOP\SEM6\CS 346\SCORECARD\SCORECARD\DEBUG\.NETFRAMEWORK,VERSION=V4.0.ASSEMBLYATTRIBUTES.OBJ
C:\Users\lakshya\Desktop\sem6\CS 346\scoreCard\scoreCard\Debug\cl.command.1.tlog
C:\Users\lakshya\Desktop\sem6\CS 346\scoreCard\scoreCard\Debug\CL.read.1.tlog
C:\Users\lakshya\Desktop\sem6\CS 346\scoreCard\scoreCard\Debug\CL.write.1.tlog
C:\Users\lakshya\Desktop\sem6\CS 346\scoreCard\scoreCard\Debug\link.10336.read.1.tlog
C:\Users\lakshya\Desktop\sem6\CS 346\scoreCard\scoreCard\Debug\link.10336.write.1.tlog
C:\Users\lakshya\Desktop\sem6\CS 346\scoreCard\scoreCard\Debug\link.10336-cvtres.read.1.tlog
C:\Users\lakshya\Desktop\sem6\CS 346\scoreCard\scoreCard\Debug\link.10336-cvtres.write.1.tlog
C:\Users\lakshya\Desktop\sem6\CS 346\scoreCard\scoreCard\Debug\link.10408.read.1.tlog
C:\Users\lakshya\Desktop\sem6\CS 346\scoreCard\scoreCard\Debug\link.10408.write.1.tlog
C:\Users\lakshya\Desktop\sem6\CS 346\scoreCard\scoreCard\Debug\link.10408-cvtres.read.1.tlog
C:\Users\lakshya\Desktop\sem6\CS 346\scoreCard\scoreCard\Debug\link.10408-cvtres.write.1.tlog
C:\Users\lakshya\Desktop\sem6\CS 346\scoreCard\scoreCard\Debug\link.10672.read.1.tlog
C:\Users\lakshya\Desktop\sem6\CS 346\scoreCard\scoreCard\Debug\link.10672.write.1.tlog
C:\Users\lakshya\Desktop\sem6\CS 346\scoreCard\scoreCard\Debug\link.10672-cvtres.read.1.tlog
C:\Users\lakshya\Desktop\sem6\CS 346\scoreCard\scoreCard\Debug\link.10672-cvtres.write.1.tlog
C:\Users\lakshya\Desktop\sem6\CS 346\scoreCard\scoreCard\Debug\link.11188.read.1.tlog
C:\Users\lakshya\Desktop\sem6\CS 346\scoreCard\scoreCard\Debug\link.11188.write.1.tlog
C:\Users\lakshya\Desktop\sem6\CS 346\scoreCard\scoreCard\Debug\link.11188-cvtres.read.1.tlog
C:\Users\lakshya\Desktop\sem6\CS 346\scoreCard\scoreCard\Debug\link.11188-cvtres.write.1.tlog
C:\Users\lakshya\Desktop\sem6\CS 346\scoreCard\scoreCard\Debug\link.11876.read.1.tlog
C:\Users\lakshya\Desktop\sem6\CS 346\scoreCard\scoreCard\Debug\link.11876.write.1.tlog
C:\Users\lakshya\Desktop\sem6\CS 346\scoreCard\scoreCard\Debug\link.11876-cvtres.read.1.tlog
C:\Users\lakshya\Desktop\sem6\CS 346\scoreCard\scoreCard\Debug\link.11876-cvtres.write.1.tlog
C:\Users\lakshya\Desktop\sem6\CS 346\scoreCard\scoreCard\Debug\link.11888.read.1.tlog
C:\Users\lakshya\Desktop\sem6\CS 346\scoreCard\scoreCard\Debug\link.11888.write.1.tlog
C:\Users\lakshya\Desktop\sem6\CS 346\scoreCard\scoreCard\Debug\link.11928.read.1.tlog
C:\Users\lakshya\Desktop\sem6\CS 346\scoreCard\scoreCard\Debug\link.11928.write.1.tlog
C:\Users\lakshya\Desktop\sem6\CS 346\scoreCard\scoreCard\Debug\link.11928-cvtres.read.1.tlog
C:\Users\lakshya\Desktop\sem6\CS 346\scoreCard\scoreCard\Debug\link.11928-cvtres.write.1.tlog
C:\Users\lakshya\Desktop\sem6\CS 346\scoreCard\scoreCard\Debug\link.12408.read.1.tlog
C:\Users\lakshya\Desktop\sem6\CS 346\scoreCard\scoreCard\Debug\link.12408.write.1.tlog
C:\Users\lakshya\Desktop\sem6\CS 346\scoreCard\scoreCard\Debug\link.12408-cvtres.read.1.tlog
C:\Users\lakshya\Desktop\sem6\CS 346\scoreCard\scoreCard\Debug\link.12408-cvtres.write.1.tlog
C:\Users\lakshya\Desktop\sem6\CS 346\scoreCard\scoreCard\Debug\link.12568.read.1.tlog
C:\Users\lakshya\Desktop\sem6\CS 346\scoreCard\scoreCard\Debug\link.12568.write.1.tlog
C:\Users\lakshya\Desktop\sem6\CS 346\scoreCard\scoreCard\Debug\link.12568-cvtres.read.1.tlog
C:\Users\lakshya\Desktop\sem6\CS 346\scoreCard\scoreCard\Debug\link.12568-cvtres.write.1.tlog
C:\Users\lakshya\Desktop\sem6\CS 346\scoreCard\scoreCard\Debug\link.1384.read.1.tlog
C:\Users\lakshya\Desktop\sem6\CS 346\scoreCard\scoreCard\Debug\link.1384.write.1.tlog
C:\Users\lakshya\Desktop\sem6\CS 346\scoreCard\scoreCard\Debug\link.1384-cvtres.read.1.tlog
C:\Users\lakshya\Desktop\sem6\CS 346\scoreCard\scoreCard\Debug\link.1384-cvtres.write.1.tlog
C:\Users\lakshya\Desktop\sem6\CS 346\scoreCard\scoreCard\Debug\link.14132.read.1.tlog
C:\Users\lakshya\Desktop\sem6\CS 346\scoreCard\scoreCard\Debug\link.14132.write.1.tlog
C:\Users\lakshya\Desktop\sem6\CS 346\scoreCard\scoreCard\Debug\link.14132-cvtres.read.1.tlog
C:\Users\lakshya\Desktop\sem6\CS 346\scoreCard\scoreCard\Debug\link.14132-cvtres.write.1.tlog
C:\Users\lakshya\Desktop\sem6\CS 346\scoreCard\scoreCard\Debug\link.14232.read.1.tlog
C:\Users\lakshya\Desktop\sem6\CS 346\scoreCard\scoreCard\Debug\link.14232.write.1.tlog
C:\Users\lakshya\Desktop\sem6\CS 346\scoreCard\scoreCard\Debug\link.14232-cvtres.read.1.tlog
C:\Users\lakshya\Desktop\sem6\CS 346\scoreCard\scoreCard\Debug\link.14232-cvtres.write.1.tlog
C:\Users\lakshya\Desktop\sem6\CS 346\scoreCard\scoreCard\Debug\link.14440.read.1.tlog
C:\Users\lakshya\Desktop\sem6\CS 346\scoreCard\scoreCard\Debug\link.14440.write.1.tlog
C:\Users\lakshya\Desktop\sem6\CS 346\scoreCard\scoreCard\Debug\link.14440-cvtres.read.1.tlog
C:\Users\lakshya\Desktop\sem6\CS 346\scoreCard\scoreCard\Debug\link.14440-cvtres.write.1.tlog
C:\Users\lakshya\Desktop\sem6\CS 346\scoreCard\scoreCard\Debug\link.14904.read.1.tlog
C:\Users\lakshya\Desktop\sem6\CS 346\scoreCard\scoreCard\Debug\link.14904.write.1.tlog
C:\Users\lakshya\Desktop\sem6\CS 346\scoreCard\scoreCard\Debug\link.14904-cvtres.read.1.tlog
C:\Users\lakshya\Desktop\sem6\CS 346\scoreCard\scoreCard\Debug\link.14904-cvtres.write.1.tlog
C:\Users\lakshya\Desktop\sem6\CS 346\scoreCard\scoreCard\Debug\link.16064.read.1.tlog
C:\Users\lakshya\Desktop\sem6\CS 346\scoreCard\scoreCard\Debug\link.16064.write.1.tlog
C:\Users\lakshya\Desktop\sem6\CS 346\scoreCard\scoreCard\Debug\link.16064-cvtres.read.1.tlog
C:\Users\lakshya\Desktop\sem6\CS 346\scoreCard\scoreCard\Debug\link.16064-cvtres.write.1.tlog
C:\Users\lakshya\Desktop\sem6\CS 346\scoreCard\scoreCard\Debug\link.17996.read.1.tlog
C:\Users\lakshya\Desktop\sem6\CS 346\scoreCard\scoreCard\Debug\link.17996.write.1.tlog
C:\Users\lakshya\Desktop\sem6\CS 346\scoreCard\scoreCard\Debug\link.18696.read.1.tlog
C:\Users\lakshya\Desktop\sem6\CS 346\scoreCard\scoreCard\Debug\link.18696.write.1.tlog
C:\Users\lakshya\Desktop\sem6\CS 346\scoreCard\scoreCard\Debug\link.19320.read.1.tlog
C:\Users\lakshya\Desktop\sem6\CS 346\scoreCard\scoreCard\Debug\link.19320.write.1.tlog
C:\Users\lakshya\Desktop\sem6\CS 346\scoreCard\scoreCard\Debug\link.19320-cvtres.read.1.tlog
C:\Users\lakshya\Desktop\sem6\CS 346\scoreCard\scoreCard\Debug\link.19320-cvtres.write.1.tlog
C:\Users\lakshya\Desktop\sem6\CS 346\scoreCard\scoreCard\Debug\link.20220.read.1.tlog
C:\Users\lakshya\Desktop\sem6\CS 346\scoreCard\scoreCard\Debug\link.20220.write.1.tlog
C:\Users\lakshya\Desktop\sem6\CS 346\scoreCard\scoreCard\Debug\link.20220-cvtres.read.1.tlog
C:\Users\lakshya\Desktop\sem6\CS 346\scoreCard\scoreCard\Debug\link.20220-cvtres.write.1.tlog
C:\Users\lakshya\Desktop\sem6\CS 346\scoreCard\scoreCard\Debug\link.20280.read.1.tlog
C:\Users\lakshya\Desktop\sem6\CS 346\scoreCard\scoreCard\Debug\link.20280.write.1.tlog
C:\Users\lakshya\Desktop\sem6\CS 346\scoreCard\scoreCard\Debug\link.20280-cvtres.read.1.tlog
C:\Users\lakshya\Desktop\sem6\CS 346\scoreCard\scoreCard\Debug\link.20280-cvtres.write.1.tlog
C:\Users\lakshya\Desktop\sem6\CS 346\scoreCard\scoreCard\Debug\link.20648.read.1.tlog
C:\Users\lakshya\Desktop\sem6\CS 346\scoreCard\scoreCard\Debug\link.20648.write.1.tlog
C:\Users\lakshya\Desktop\sem6\CS 346\scoreCard\scoreCard\Debug\link.20648-cvtres.read.1.tlog
C:\Users\lakshya\Desktop\sem6\CS 346\scoreCard\scoreCard\Debug\link.20648-cvtres.write.1.tlog
C:\Users\lakshya\Desktop\sem6\CS 346\scoreCard\scoreCard\Debug\link.21684.read.1.tlog
C:\Users\lakshya\Desktop\sem6\CS 346\scoreCard\scoreCard\Debug\link.21684.write.1.tlog
C:\Users\lakshya\Desktop\sem6\CS 346\scoreCard\scoreCard\Debug\link.21684-cvtres.read.1.tlog
C:\Users\lakshya\Desktop\sem6\CS 346\scoreCard\scoreCard\Debug\link.21684-cvtres.write.1.tlog
C:\Users\lakshya\Desktop\sem6\CS 346\scoreCard\scoreCard\Debug\link.21904.read.1.tlog
C:\Users\lakshya\Desktop\sem6\CS 346\scoreCard\scoreCard\Debug\link.21904.write.1.tlog
C:\Users\lakshya\Desktop\sem6\CS 346\scoreCard\scoreCard\Debug\link.21904-cvtres.read.1.tlog
C:\Users\lakshya\Desktop\sem6\CS 346\scoreCard\scoreCard\Debug\link.21904-cvtres.write.1.tlog
C:\Users\lakshya\Desktop\sem6\CS 346\scoreCard\scoreCard\Debug\link.22584.read.1.tlog
C:\Users\lakshya\Desktop\sem6\CS 346\scoreCard\scoreCard\Debug\link.22584.write.1.tlog
C:\Users\lakshya\Desktop\sem6\CS 346\scoreCard\scoreCard\Debug\link.22584-cvtres.read.1.tlog
C:\Users\lakshya\Desktop\sem6\CS 346\scoreCard\scoreCard\Debug\link.22584-cvtres.write.1.tlog
C:\Users\lakshya\Desktop\sem6\CS 346\scoreCard\scoreCard\Debug\link.22816.read.1.tlog
C:\Users\lakshya\Desktop\sem6\CS 346\scoreCard\scoreCard\Debug\link.22816.write.1.tlog
C:\Users\lakshya\Desktop\sem6\CS 346\scoreCard\scoreCard\Debug\link.22816-cvtres.read.1.tlog
C:\Users\lakshya\Desktop\sem6\CS 346\scoreCard\scoreCard\Debug\link.22816-cvtres.write.1.tlog
C:\Users\lakshya\Desktop\sem6\CS 346\scoreCard\scoreCard\Debug\link.22944.read.1.tlog
C:\Users\lakshya\Desktop\sem6\CS 346\scoreCard\scoreCard\Debug\link.22944.write.1.tlog
C:\Users\lakshya\Desktop\sem6\CS 346\scoreCard\scoreCard\Debug\link.22944-cvtres.read.1.tlog
C:\Users\lakshya\Desktop\sem6\CS 346\scoreCard\scoreCard\Debug\link.22944-cvtres.write.1.tlog
C:\Users\lakshya\Desktop\sem6\CS 346\scoreCard\scoreCard\Debug\link.22972.read.1.tlog
C:\Users\lakshya\Desktop\sem6\CS 346\scoreCard\scoreCard\Debug\link.22972.write.1.tlog
C:\Users\lakshya\Desktop\sem6\CS 346\scoreCard\scoreCard\Debug\link.22972-cvtres.read.1.tlog
C:\Users\lakshya\Desktop\sem6\CS 346\scoreCard\scoreCard\Debug\link.22972-cvtres.write.1.tlog
C:\Users\lakshya\Desktop\sem6\CS 346\scoreCard\scoreCard\Debug\link.23868.read.1.tlog
C:\Users\lakshya\Desktop\sem6\CS 346\scoreCard\scoreCard\Debug\link.23868.write.1.tlog
C:\Users\lakshya\Desktop\sem6\CS 346\scoreCard\scoreCard\Debug\link.23868-cvtres.read.1.tlog
C:\Users\lakshya\Desktop\sem6\CS 346\scoreCard\scoreCard\Debug\link.23868-cvtres.write.1.tlog
C:\Users\lakshya\Desktop\sem6\CS 346\scoreCard\scoreCard\Debug\link.24000.read.1.tlog
C:\Users\lakshya\Desktop\sem6\CS 346\scoreCard\scoreCard\Debug\link.24000.write.1.tlog
C:\Users\lakshya\Desktop\sem6\CS 346\scoreCard\scoreCard\Debug\link.24000-cvtres.read.1.tlog
C:\Users\lakshya\Desktop\sem6\CS 346\scoreCard\scoreCard\Debug\link.24000-cvtres.write.1.tlog
C:\Users\lakshya\Desktop\sem6\CS 346\scoreCard\scoreCard\Debug\link.3692.read.1.tlog
C:\Users\lakshya\Desktop\sem6\CS 346\scoreCard\scoreCard\Debug\link.3692.write.1.tlog
C:\Users\lakshya\Desktop\sem6\CS 346\scoreCard\scoreCard\Debug\link.3692-cvtres.read.1.tlog
C:\Users\lakshya\Desktop\sem6\CS 346\scoreCard\scoreCard\Debug\link.3692-cvtres.write.1.tlog
C:\Users\lakshya\Desktop\sem6\CS 346\scoreCard\scoreCard\Debug\link.3996.read.1.tlog
C:\Users\lakshya\Desktop\sem6\CS 346\scoreCard\scoreCard\Debug\link.3996.write.1.tlog
C:\Users\lakshya\Desktop\sem6\CS 346\scoreCard\scoreCard\Debug\link.5564.read.1.tlog
C:\Users\lakshya\Desktop\sem6\CS 346\scoreCard\scoreCard\Debug\link.5564.write.1.tlog
C:\Users\lakshya\Desktop\sem6\CS 346\scoreCard\scoreCard\Debug\link.5564-cvtres.read.1.tlog
C:\Users\lakshya\Desktop\sem6\CS 346\scoreCard\scoreCard\Debug\link.5564-cvtres.write.1.tlog
C:\Users\lakshya\Desktop\sem6\CS 346\scoreCard\scoreCard\Debug\link.7480.read.1.tlog
C:\Users\lakshya\Desktop\sem6\CS 346\scoreCard\scoreCard\Debug\link.7480.write.1.tlog
C:\Users\lakshya\Desktop\sem6\CS 346\scoreCard\scoreCard\Debug\link.7480-cvtres.read.1.tlog
C:\Users\lakshya\Desktop\sem6\CS 346\scoreCard\scoreCard\Debug\link.7480-cvtres.write.1.tlog
C:\Users\lakshya\Desktop\sem6\CS 346\scoreCard\scoreCard\Debug\link.7592.read.1.tlog
C:\Users\lakshya\Desktop\sem6\CS 346\scoreCard\scoreCard\Debug\link.7592.write.1.tlog
C:\Users\lakshya\Desktop\sem6\CS 346\scoreCard\scoreCard\Debug\link.7592-cvtres.read.1.tlog
C:\Users\lakshya\Desktop\sem6\CS 346\scoreCard\scoreCard\Debug\link.7592-cvtres.write.1.tlog
C:\Users\lakshya\Desktop\sem6\CS 346\scoreCard\scoreCard\Debug\link.8712.read.1.tlog
C:\Users\lakshya\Desktop\sem6\CS 346\scoreCard\scoreCard\Debug\link.8712.write.1.tlog
C:\Users\lakshya\Desktop\sem6\CS 346\scoreCard\scoreCard\Debug\link.8712-cvtres.read.1.tlog
C:\Users\lakshya\Desktop\sem6\CS 346\scoreCard\scoreCard\Debug\link.8712-cvtres.write.1.tlog
C:\Users\lakshya\Desktop\sem6\CS 346\scoreCard\scoreCard\Debug\link.command.1.tlog
C:\Users\lakshya\Desktop\sem6\CS 346\scoreCard\scoreCard\Debug\link.read.1.tlog
C:\Users\lakshya\Desktop\sem6\CS 346\scoreCard\scoreCard\Debug\link.write.1.tlog
C:\Users\lakshya\Desktop\sem6\CS 346\scoreCard\scoreCard\Debug\metagen.read.1.tlog
C:\Users\lakshya\Desktop\sem6\CS 346\scoreCard\scoreCard\Debug\metagen.write.1.tlog
C:\Users\lakshya\Desktop\sem6\CS 346\scoreCard\scoreCard\Debug\mt.command.1.tlog
C:\Users\lakshya\Desktop\sem6\CS 346\scoreCard\scoreCard\Debug\mt.read.1.tlog
C:\Users\lakshya\Desktop\sem6\CS 346\scoreCard\scoreCard\Debug\mt.write.1.tlog
C:\Users\lakshya\Desktop\sem6\CS 346\scoreCard\scoreCard\Debug\rc.command.1.tlog
C:\Users\lakshya\Desktop\sem6\CS 346\scoreCard\scoreCard\Debug\rc.read.1.tlog
C:\Users\lakshya\Desktop\sem6\CS 346\scoreCard\scoreCard\Debug\rc.write.1.tlog
C:\USERS\LAKSHYA\DESKTOP\SEM6\CS 346\SCORECARD\SCORECARD\DEBUG\SCORECARD.EXE.INTERMEDIATE.MANIFEST
C:\USERS\LAKSHYA\DESKTOP\SEM6\CS 346\SCORECARD\SCORECARD\DEBUG\SCORECARD.OBJ
C:\USERS\LAKSHYA\DESKTOP\SEM6\CS 346\SCORECARD\SCORECARD\DEBUG\SCORECARD.RES
C:\Users\lakshya\Desktop\sem6\CS 346\scoreCard\scoreCard\Debug\scoreCard.scoreCard.resources
C:\Users\lakshya\Desktop\sem6\CS 346\scoreCard\scoreCard\Debug\scoreCard.vcxproj.GenerateResource.Cache
C:\Users\lakshya\Desktop\sem6\CS 346\scoreCard\scoreCard\Debug\scoreCard.vcxprojResolveAssemblyReference.cache
C:\Users\lakshya\Desktop\sem6\CS 346\scoreCard\scoreCard\Debug\scoreCard.write.1.tlog
C:\USERS\LAKSHYA\DESKTOP\SEM6\CS 346\SCORECARD\SCORECARD\DEBUG\VC100.PDB
C:\USERS\MITHILESH GUPTA\ONEDRIVE\DOCUMENTS\VISUAL STUDIO 2010\PROJECTS\SCORECARD\DEBUG\SCORECARD.EXE
C:\USERS\MITHILESH GUPTA\ONEDRIVE\DOCUMENTS\VISUAL STUDIO 2010\PROJECTS\SCORECARD\DEBUG\SCORECARD.ILK
C:\USERS\MITHILESH GUPTA\ONEDRIVE\DOCUMENTS\VISUAL STUDIO 2010\PROJECTS\SCORECARD\DEBUG\SCORECARD.PDB
C:\USERS\MITHILESH GUPTA\ONEDRIVE\DOCUMENTS\VISUAL STUDIO 2010\PROJECTS\SCORECARD\SCORECARD\DEBUG\.NETFRAMEWORK,VERSION=V4.0.ASSEMBLYATTRIBUTES.OBJ
C:\USERS\MITHILESH GUPTA\ONEDRIVE\DOCUMENTS\VISUAL STUDIO 2010\PROJECTS\SCORECARD\SCORECARD\DEBUG\SCORECARD.EXE.INTERMEDIATE.MANIFEST
C:\USERS\MITHILESH GUPTA\ONEDRIVE\DOCUMENTS\VISUAL STUDIO 2010\PROJECTS\SCORECARD\SCORECARD\DEBUG\SCORECARD.OBJ
C:\USERS\MITHILESH GUPTA\ONEDRIVE\DOCUMENTS\VISUAL STUDIO 2010\PROJECTS\SCORECARD\SCORECARD\DEBUG\SCORECARD.RES
C:\USERS\MITHILESH GUPTA\ONEDRIVE\DOCUMENTS\VISUAL STUDIO 2010\PROJECTS\SCORECARD\SCORECARD\DEBUG\VC100.PDB
