C:\USERS\ADITY\DOWNLOADS\FINAL\TRYY\DEBUG\TRYY.EXE
C:\USERS\ADITY\DOWNLOADS\FINAL\TRYY\DEBUG\TRYY.ILK
C:\USERS\ADITY\DOWNLOADS\FINAL\TRYY\DEBUG\TRYY.PDB
C:\USERS\ADITY\DOWNLOADS\FINAL\TRYY\TRYY\DEBUG\.NETFRAMEWORK,VERSION=V4.0.ASSEMBLYATTRIBUTES.OBJ
C:\USERS\ADITY\DOWNLOADS\FINAL\TRYY\TRYY\DEBUG\APP.RES
C:\USERS\ADITY\DOWNLOADS\FINAL\TRYY\TRYY\DEBUG\ASSEMBLYINFO.OBJ
C:\USERS\ADITY\DOWNLOADS\FINAL\TRYY\TRYY\DEBUG\STDAFX.OBJ
C:\USERS\ADITY\DOWNLOADS\FINAL\TRYY\TRYY\DEBUG\TRYY.EXE.INTERMEDIATE.MANIFEST
C:\USERS\ADITY\DOWNLOADS\FINAL\TRYY\TRYY\DEBUG\TRYY.OBJ
C:\USERS\ADITY\DOWNLOADS\FINAL\TRYY\TRYY\DEBUG\TRYY.PCH
C:\USERS\ADITY\DOWNLOADS\FINAL\TRYY\TRYY\DEBUG\VC100.PDB
C:\USERS\HP\ONEDRIVE\DOCUMENTS\VISUAL STUDIO 2010\PROJECTS\TRYY\DEBUG\TRYY.EXE
C:\USERS\HP\ONEDRIVE\DOCUMENTS\VISUAL STUDIO 2010\PROJECTS\TRYY\DEBUG\TRYY.ILK
C:\USERS\HP\ONEDRIVE\DOCUMENTS\VISUAL STUDIO 2010\PROJECTS\TRYY\DEBUG\TRYY.PDB
C:\USERS\HP\ONEDRIVE\DOCUMENTS\VISUAL STUDIO 2010\PROJECTS\TRYY\TRYY\DEBUG\.NETFRAMEWORK,VERSION=V4.0.ASSEMBLYATTRIBUTES.OBJ
C:\USERS\HP\ONEDRIVE\DOCUMENTS\VISUAL STUDIO 2010\PROJECTS\TRYY\TRYY\DEBUG\APP.RES
C:\USERS\HP\ONEDRIVE\DOCUMENTS\VISUAL STUDIO 2010\PROJECTS\TRYY\TRYY\DEBUG\ASSEMBLYINFO.OBJ
C:\USERS\HP\ONEDRIVE\DOCUMENTS\VISUAL STUDIO 2010\PROJECTS\TRYY\TRYY\DEBUG\STDAFX.OBJ
C:\USERS\HP\ONEDRIVE\DOCUMENTS\VISUAL STUDIO 2010\PROJECTS\TRYY\TRYY\DEBUG\TRYY.EXE.INTERMEDIATE.MANIFEST
C:\USERS\HP\ONEDRIVE\DOCUMENTS\VISUAL STUDIO 2010\PROJECTS\TRYY\TRYY\DEBUG\TRYY.OBJ
C:\USERS\HP\ONEDRIVE\DOCUMENTS\VISUAL STUDIO 2010\PROJECTS\TRYY\TRYY\DEBUG\TRYY.PCH
C:\USERS\HP\ONEDRIVE\DOCUMENTS\VISUAL STUDIO 2010\PROJECTS\TRYY\TRYY\DEBUG\VC100.PDB
C:\USERS\LAKSHYA\DESKTOP\SEM6\CS 346\TRYY\DEBUG\TRYY.EXE
C:\USERS\LAKSHYA\DESKTOP\SEM6\CS 346\TRYY\DEBUG\TRYY.ILK
C:\USERS\LAKSHYA\DESKTOP\SEM6\CS 346\TRYY\DEBUG\TRYY.PDB
C:\USERS\LAKSHYA\DESKTOP\SEM6\CS 346\TRYY\TRYY\DEBUG\.NETFRAMEWORK,VERSION=V4.0.ASSEMBLYATTRIBUTES.OBJ
C:\USERS\LAKSHYA\DESKTOP\SEM6\CS 346\TRYY\TRYY\DEBUG\APP.RES
C:\USERS\LAKSHYA\DESKTOP\SEM6\CS 346\TRYY\TRYY\DEBUG\ASSEMBLYINFO.OBJ
C:\Users\lakshya\Desktop\sem6\CS 346\tryy\tryy\Debug\cl.command.1.tlog
C:\Users\lakshya\Desktop\sem6\CS 346\tryy\tryy\Debug\CL.read.1.tlog
C:\Users\lakshya\Desktop\sem6\CS 346\tryy\tryy\Debug\CL.write.1.tlog
C:\Users\lakshya\Desktop\sem6\CS 346\tryy\tryy\Debug\link.10180.read.1.tlog
C:\Users\lakshya\Desktop\sem6\CS 346\tryy\tryy\Debug\link.10180.write.1.tlog
C:\Users\lakshya\Desktop\sem6\CS 346\tryy\tryy\Debug\link.10180-cvtres.read.1.tlog
C:\Users\lakshya\Desktop\sem6\CS 346\tryy\tryy\Debug\link.10180-cvtres.write.1.tlog
C:\Users\lakshya\Desktop\sem6\CS 346\tryy\tryy\Debug\link.11016.read.1.tlog
C:\Users\lakshya\Desktop\sem6\CS 346\tryy\tryy\Debug\link.11016.write.1.tlog
C:\Users\lakshya\Desktop\sem6\CS 346\tryy\tryy\Debug\link.11016-cvtres.read.1.tlog
C:\Users\lakshya\Desktop\sem6\CS 346\tryy\tryy\Debug\link.11016-cvtres.write.1.tlog
C:\Users\lakshya\Desktop\sem6\CS 346\tryy\tryy\Debug\link.11024.read.1.tlog
C:\Users\lakshya\Desktop\sem6\CS 346\tryy\tryy\Debug\link.11024.write.1.tlog
C:\Users\lakshya\Desktop\sem6\CS 346\tryy\tryy\Debug\link.11024-cvtres.read.1.tlog
C:\Users\lakshya\Desktop\sem6\CS 346\tryy\tryy\Debug\link.11024-cvtres.write.1.tlog
C:\Users\lakshya\Desktop\sem6\CS 346\tryy\tryy\Debug\link.11308.read.1.tlog
C:\Users\lakshya\Desktop\sem6\CS 346\tryy\tryy\Debug\link.11308.write.1.tlog
C:\Users\lakshya\Desktop\sem6\CS 346\tryy\tryy\Debug\link.11308-cvtres.read.1.tlog
C:\Users\lakshya\Desktop\sem6\CS 346\tryy\tryy\Debug\link.11308-cvtres.write.1.tlog
C:\Users\lakshya\Desktop\sem6\CS 346\tryy\tryy\Debug\link.11724.read.1.tlog
C:\Users\lakshya\Desktop\sem6\CS 346\tryy\tryy\Debug\link.11724.write.1.tlog
C:\Users\lakshya\Desktop\sem6\CS 346\tryy\tryy\Debug\link.11724-cvtres.read.1.tlog
C:\Users\lakshya\Desktop\sem6\CS 346\tryy\tryy\Debug\link.11724-cvtres.write.1.tlog
C:\Users\lakshya\Desktop\sem6\CS 346\tryy\tryy\Debug\link.11844.read.1.tlog
C:\Users\lakshya\Desktop\sem6\CS 346\tryy\tryy\Debug\link.11844.write.1.tlog
C:\Users\lakshya\Desktop\sem6\CS 346\tryy\tryy\Debug\link.11844-cvtres.read.1.tlog
C:\Users\lakshya\Desktop\sem6\CS 346\tryy\tryy\Debug\link.11844-cvtres.write.1.tlog
C:\Users\lakshya\Desktop\sem6\CS 346\tryy\tryy\Debug\link.12080.read.1.tlog
C:\Users\lakshya\Desktop\sem6\CS 346\tryy\tryy\Debug\link.12080.write.1.tlog
C:\Users\lakshya\Desktop\sem6\CS 346\tryy\tryy\Debug\link.12080-cvtres.read.1.tlog
C:\Users\lakshya\Desktop\sem6\CS 346\tryy\tryy\Debug\link.12080-cvtres.write.1.tlog
C:\Users\lakshya\Desktop\sem6\CS 346\tryy\tryy\Debug\link.12768.read.1.tlog
C:\Users\lakshya\Desktop\sem6\CS 346\tryy\tryy\Debug\link.12768.write.1.tlog
C:\Users\lakshya\Desktop\sem6\CS 346\tryy\tryy\Debug\link.12768-cvtres.read.1.tlog
C:\Users\lakshya\Desktop\sem6\CS 346\tryy\tryy\Debug\link.12768-cvtres.write.1.tlog
C:\Users\lakshya\Desktop\sem6\CS 346\tryy\tryy\Debug\link.13464.read.1.tlog
C:\Users\lakshya\Desktop\sem6\CS 346\tryy\tryy\Debug\link.13464.write.1.tlog
C:\Users\lakshya\Desktop\sem6\CS 346\tryy\tryy\Debug\link.13464-cvtres.read.1.tlog
C:\Users\lakshya\Desktop\sem6\CS 346\tryy\tryy\Debug\link.13464-cvtres.write.1.tlog
C:\Users\lakshya\Desktop\sem6\CS 346\tryy\tryy\Debug\link.13612.read.1.tlog
C:\Users\lakshya\Desktop\sem6\CS 346\tryy\tryy\Debug\link.13612.write.1.tlog
C:\Users\lakshya\Desktop\sem6\CS 346\tryy\tryy\Debug\link.13612-cvtres.read.1.tlog
C:\Users\lakshya\Desktop\sem6\CS 346\tryy\tryy\Debug\link.13612-cvtres.write.1.tlog
C:\Users\lakshya\Desktop\sem6\CS 346\tryy\tryy\Debug\link.14844.read.1.tlog
C:\Users\lakshya\Desktop\sem6\CS 346\tryy\tryy\Debug\link.14844.write.1.tlog
C:\Users\lakshya\Desktop\sem6\CS 346\tryy\tryy\Debug\link.14844-cvtres.read.1.tlog
C:\Users\lakshya\Desktop\sem6\CS 346\tryy\tryy\Debug\link.14844-cvtres.write.1.tlog
C:\Users\lakshya\Desktop\sem6\CS 346\tryy\tryy\Debug\link.14908.read.1.tlog
C:\Users\lakshya\Desktop\sem6\CS 346\tryy\tryy\Debug\link.14908.write.1.tlog
C:\Users\lakshya\Desktop\sem6\CS 346\tryy\tryy\Debug\link.14908-cvtres.read.1.tlog
C:\Users\lakshya\Desktop\sem6\CS 346\tryy\tryy\Debug\link.14908-cvtres.write.1.tlog
C:\Users\lakshya\Desktop\sem6\CS 346\tryy\tryy\Debug\link.15260.read.1.tlog
C:\Users\lakshya\Desktop\sem6\CS 346\tryy\tryy\Debug\link.15260.write.1.tlog
C:\Users\lakshya\Desktop\sem6\CS 346\tryy\tryy\Debug\link.15260-cvtres.read.1.tlog
C:\Users\lakshya\Desktop\sem6\CS 346\tryy\tryy\Debug\link.15260-cvtres.write.1.tlog
C:\Users\lakshya\Desktop\sem6\CS 346\tryy\tryy\Debug\link.15988.read.1.tlog
C:\Users\lakshya\Desktop\sem6\CS 346\tryy\tryy\Debug\link.15988.write.1.tlog
C:\Users\lakshya\Desktop\sem6\CS 346\tryy\tryy\Debug\link.15988-cvtres.read.1.tlog
C:\Users\lakshya\Desktop\sem6\CS 346\tryy\tryy\Debug\link.15988-cvtres.write.1.tlog
C:\Users\lakshya\Desktop\sem6\CS 346\tryy\tryy\Debug\link.16372.read.1.tlog
C:\Users\lakshya\Desktop\sem6\CS 346\tryy\tryy\Debug\link.16372.write.1.tlog
C:\Users\lakshya\Desktop\sem6\CS 346\tryy\tryy\Debug\link.16372-cvtres.read.1.tlog
C:\Users\lakshya\Desktop\sem6\CS 346\tryy\tryy\Debug\link.16372-cvtres.write.1.tlog
C:\Users\lakshya\Desktop\sem6\CS 346\tryy\tryy\Debug\link.16748.read.1.tlog
C:\Users\lakshya\Desktop\sem6\CS 346\tryy\tryy\Debug\link.16748.write.1.tlog
C:\Users\lakshya\Desktop\sem6\CS 346\tryy\tryy\Debug\link.16748-cvtres.read.1.tlog
C:\Users\lakshya\Desktop\sem6\CS 346\tryy\tryy\Debug\link.16748-cvtres.write.1.tlog
C:\Users\lakshya\Desktop\sem6\CS 346\tryy\tryy\Debug\link.17372.read.1.tlog
C:\Users\lakshya\Desktop\sem6\CS 346\tryy\tryy\Debug\link.17372.write.1.tlog
C:\Users\lakshya\Desktop\sem6\CS 346\tryy\tryy\Debug\link.17372-cvtres.read.1.tlog
C:\Users\lakshya\Desktop\sem6\CS 346\tryy\tryy\Debug\link.17372-cvtres.write.1.tlog
C:\Users\lakshya\Desktop\sem6\CS 346\tryy\tryy\Debug\link.17472.read.1.tlog
C:\Users\lakshya\Desktop\sem6\CS 346\tryy\tryy\Debug\link.17472.write.1.tlog
C:\Users\lakshya\Desktop\sem6\CS 346\tryy\tryy\Debug\link.17472-cvtres.read.1.tlog
C:\Users\lakshya\Desktop\sem6\CS 346\tryy\tryy\Debug\link.17472-cvtres.write.1.tlog
C:\Users\lakshya\Desktop\sem6\CS 346\tryy\tryy\Debug\link.17484.read.1.tlog
C:\Users\lakshya\Desktop\sem6\CS 346\tryy\tryy\Debug\link.17484.write.1.tlog
C:\Users\lakshya\Desktop\sem6\CS 346\tryy\tryy\Debug\link.17484-cvtres.read.1.tlog
C:\Users\lakshya\Desktop\sem6\CS 346\tryy\tryy\Debug\link.17484-cvtres.write.1.tlog
C:\Users\lakshya\Desktop\sem6\CS 346\tryy\tryy\Debug\link.17724.read.1.tlog
C:\Users\lakshya\Desktop\sem6\CS 346\tryy\tryy\Debug\link.17724.write.1.tlog
C:\Users\lakshya\Desktop\sem6\CS 346\tryy\tryy\Debug\link.17724-cvtres.read.1.tlog
C:\Users\lakshya\Desktop\sem6\CS 346\tryy\tryy\Debug\link.17724-cvtres.write.1.tlog
C:\Users\lakshya\Desktop\sem6\CS 346\tryy\tryy\Debug\link.17872.read.1.tlog
C:\Users\lakshya\Desktop\sem6\CS 346\tryy\tryy\Debug\link.17872.write.1.tlog
C:\Users\lakshya\Desktop\sem6\CS 346\tryy\tryy\Debug\link.17872-cvtres.read.1.tlog
C:\Users\lakshya\Desktop\sem6\CS 346\tryy\tryy\Debug\link.17872-cvtres.write.1.tlog
C:\Users\lakshya\Desktop\sem6\CS 346\tryy\tryy\Debug\link.18804.read.1.tlog
C:\Users\lakshya\Desktop\sem6\CS 346\tryy\tryy\Debug\link.18804.write.1.tlog
C:\Users\lakshya\Desktop\sem6\CS 346\tryy\tryy\Debug\link.18804-cvtres.read.1.tlog
C:\Users\lakshya\Desktop\sem6\CS 346\tryy\tryy\Debug\link.18804-cvtres.write.1.tlog
C:\Users\lakshya\Desktop\sem6\CS 346\tryy\tryy\Debug\link.18984.read.1.tlog
C:\Users\lakshya\Desktop\sem6\CS 346\tryy\tryy\Debug\link.18984.write.1.tlog
C:\Users\lakshya\Desktop\sem6\CS 346\tryy\tryy\Debug\link.18984-cvtres.read.1.tlog
C:\Users\lakshya\Desktop\sem6\CS 346\tryy\tryy\Debug\link.18984-cvtres.write.1.tlog
C:\Users\lakshya\Desktop\sem6\CS 346\tryy\tryy\Debug\link.19724.read.1.tlog
C:\Users\lakshya\Desktop\sem6\CS 346\tryy\tryy\Debug\link.19724.write.1.tlog
C:\Users\lakshya\Desktop\sem6\CS 346\tryy\tryy\Debug\link.19724-cvtres.read.1.tlog
C:\Users\lakshya\Desktop\sem6\CS 346\tryy\tryy\Debug\link.19724-cvtres.write.1.tlog
C:\Users\lakshya\Desktop\sem6\CS 346\tryy\tryy\Debug\link.19744.read.1.tlog
C:\Users\lakshya\Desktop\sem6\CS 346\tryy\tryy\Debug\link.19744.write.1.tlog
C:\Users\lakshya\Desktop\sem6\CS 346\tryy\tryy\Debug\link.19744-cvtres.read.1.tlog
C:\Users\lakshya\Desktop\sem6\CS 346\tryy\tryy\Debug\link.19744-cvtres.write.1.tlog
C:\Users\lakshya\Desktop\sem6\CS 346\tryy\tryy\Debug\link.19996.read.1.tlog
C:\Users\lakshya\Desktop\sem6\CS 346\tryy\tryy\Debug\link.19996.write.1.tlog
C:\Users\lakshya\Desktop\sem6\CS 346\tryy\tryy\Debug\link.19996-cvtres.read.1.tlog
C:\Users\lakshya\Desktop\sem6\CS 346\tryy\tryy\Debug\link.19996-cvtres.write.1.tlog
C:\Users\lakshya\Desktop\sem6\CS 346\tryy\tryy\Debug\link.20900.read.1.tlog
C:\Users\lakshya\Desktop\sem6\CS 346\tryy\tryy\Debug\link.20900.write.1.tlog
C:\Users\lakshya\Desktop\sem6\CS 346\tryy\tryy\Debug\link.20900-cvtres.read.1.tlog
C:\Users\lakshya\Desktop\sem6\CS 346\tryy\tryy\Debug\link.20900-cvtres.write.1.tlog
C:\Users\lakshya\Desktop\sem6\CS 346\tryy\tryy\Debug\link.21144.read.1.tlog
C:\Users\lakshya\Desktop\sem6\CS 346\tryy\tryy\Debug\link.21144.write.1.tlog
C:\Users\lakshya\Desktop\sem6\CS 346\tryy\tryy\Debug\link.21144-cvtres.read.1.tlog
C:\Users\lakshya\Desktop\sem6\CS 346\tryy\tryy\Debug\link.21144-cvtres.write.1.tlog
C:\Users\lakshya\Desktop\sem6\CS 346\tryy\tryy\Debug\link.21220.read.1.tlog
C:\Users\lakshya\Desktop\sem6\CS 346\tryy\tryy\Debug\link.21220.write.1.tlog
C:\Users\lakshya\Desktop\sem6\CS 346\tryy\tryy\Debug\link.21220-cvtres.read.1.tlog
C:\Users\lakshya\Desktop\sem6\CS 346\tryy\tryy\Debug\link.21220-cvtres.write.1.tlog
C:\Users\lakshya\Desktop\sem6\CS 346\tryy\tryy\Debug\link.21448.read.1.tlog
C:\Users\lakshya\Desktop\sem6\CS 346\tryy\tryy\Debug\link.21448.write.1.tlog
C:\Users\lakshya\Desktop\sem6\CS 346\tryy\tryy\Debug\link.21448-cvtres.read.1.tlog
C:\Users\lakshya\Desktop\sem6\CS 346\tryy\tryy\Debug\link.21448-cvtres.write.1.tlog
C:\Users\lakshya\Desktop\sem6\CS 346\tryy\tryy\Debug\link.21844.read.1.tlog
C:\Users\lakshya\Desktop\sem6\CS 346\tryy\tryy\Debug\link.21844.write.1.tlog
C:\Users\lakshya\Desktop\sem6\CS 346\tryy\tryy\Debug\link.21844-cvtres.read.1.tlog
C:\Users\lakshya\Desktop\sem6\CS 346\tryy\tryy\Debug\link.21844-cvtres.write.1.tlog
C:\Users\lakshya\Desktop\sem6\CS 346\tryy\tryy\Debug\link.22092.read.1.tlog
C:\Users\lakshya\Desktop\sem6\CS 346\tryy\tryy\Debug\link.22092.write.1.tlog
C:\Users\lakshya\Desktop\sem6\CS 346\tryy\tryy\Debug\link.22092-cvtres.read.1.tlog
C:\Users\lakshya\Desktop\sem6\CS 346\tryy\tryy\Debug\link.22092-cvtres.write.1.tlog
C:\Users\lakshya\Desktop\sem6\CS 346\tryy\tryy\Debug\link.2264.read.1.tlog
C:\Users\lakshya\Desktop\sem6\CS 346\tryy\tryy\Debug\link.2264.write.1.tlog
C:\Users\lakshya\Desktop\sem6\CS 346\tryy\tryy\Debug\link.2264-cvtres.read.1.tlog
C:\Users\lakshya\Desktop\sem6\CS 346\tryy\tryy\Debug\link.2264-cvtres.write.1.tlog
C:\Users\lakshya\Desktop\sem6\CS 346\tryy\tryy\Debug\link.24208.read.1.tlog
C:\Users\lakshya\Desktop\sem6\CS 346\tryy\tryy\Debug\link.24208.write.1.tlog
C:\Users\lakshya\Desktop\sem6\CS 346\tryy\tryy\Debug\link.24208-cvtres.read.1.tlog
C:\Users\lakshya\Desktop\sem6\CS 346\tryy\tryy\Debug\link.24208-cvtres.write.1.tlog
C:\Users\lakshya\Desktop\sem6\CS 346\tryy\tryy\Debug\link.2432.read.1.tlog
C:\Users\lakshya\Desktop\sem6\CS 346\tryy\tryy\Debug\link.2432.write.1.tlog
C:\Users\lakshya\Desktop\sem6\CS 346\tryy\tryy\Debug\link.2432-cvtres.read.1.tlog
C:\Users\lakshya\Desktop\sem6\CS 346\tryy\tryy\Debug\link.2432-cvtres.write.1.tlog
C:\Users\lakshya\Desktop\sem6\CS 346\tryy\tryy\Debug\link.24804.read.1.tlog
C:\Users\lakshya\Desktop\sem6\CS 346\tryy\tryy\Debug\link.24804.write.1.tlog
C:\Users\lakshya\Desktop\sem6\CS 346\tryy\tryy\Debug\link.24804-cvtres.read.1.tlog
C:\Users\lakshya\Desktop\sem6\CS 346\tryy\tryy\Debug\link.24804-cvtres.write.1.tlog
C:\Users\lakshya\Desktop\sem6\CS 346\tryy\tryy\Debug\link.24980.read.1.tlog
C:\Users\lakshya\Desktop\sem6\CS 346\tryy\tryy\Debug\link.24980.write.1.tlog
C:\Users\lakshya\Desktop\sem6\CS 346\tryy\tryy\Debug\link.24980-cvtres.read.1.tlog
C:\Users\lakshya\Desktop\sem6\CS 346\tryy\tryy\Debug\link.24980-cvtres.write.1.tlog
C:\Users\lakshya\Desktop\sem6\CS 346\tryy\tryy\Debug\link.25852.read.1.tlog
C:\Users\lakshya\Desktop\sem6\CS 346\tryy\tryy\Debug\link.25852.write.1.tlog
C:\Users\lakshya\Desktop\sem6\CS 346\tryy\tryy\Debug\link.25852-cvtres.read.1.tlog
C:\Users\lakshya\Desktop\sem6\CS 346\tryy\tryy\Debug\link.25852-cvtres.write.1.tlog
C:\Users\lakshya\Desktop\sem6\CS 346\tryy\tryy\Debug\link.26020.read.1.tlog
C:\Users\lakshya\Desktop\sem6\CS 346\tryy\tryy\Debug\link.26020.write.1.tlog
C:\Users\lakshya\Desktop\sem6\CS 346\tryy\tryy\Debug\link.26020-cvtres.read.1.tlog
C:\Users\lakshya\Desktop\sem6\CS 346\tryy\tryy\Debug\link.26020-cvtres.write.1.tlog
C:\Users\lakshya\Desktop\sem6\CS 346\tryy\tryy\Debug\link.26516.read.1.tlog
C:\Users\lakshya\Desktop\sem6\CS 346\tryy\tryy\Debug\link.26516.write.1.tlog
C:\Users\lakshya\Desktop\sem6\CS 346\tryy\tryy\Debug\link.26516-cvtres.read.1.tlog
C:\Users\lakshya\Desktop\sem6\CS 346\tryy\tryy\Debug\link.26516-cvtres.write.1.tlog
C:\Users\lakshya\Desktop\sem6\CS 346\tryy\tryy\Debug\link.26544.read.1.tlog
C:\Users\lakshya\Desktop\sem6\CS 346\tryy\tryy\Debug\link.26544.write.1.tlog
C:\Users\lakshya\Desktop\sem6\CS 346\tryy\tryy\Debug\link.26544-cvtres.read.1.tlog
C:\Users\lakshya\Desktop\sem6\CS 346\tryy\tryy\Debug\link.26544-cvtres.write.1.tlog
C:\Users\lakshya\Desktop\sem6\CS 346\tryy\tryy\Debug\link.26816.read.1.tlog
C:\Users\lakshya\Desktop\sem6\CS 346\tryy\tryy\Debug\link.26816.write.1.tlog
C:\Users\lakshya\Desktop\sem6\CS 346\tryy\tryy\Debug\link.26816-cvtres.read.1.tlog
C:\Users\lakshya\Desktop\sem6\CS 346\tryy\tryy\Debug\link.26816-cvtres.write.1.tlog
C:\Users\lakshya\Desktop\sem6\CS 346\tryy\tryy\Debug\link.26864.read.1.tlog
C:\Users\lakshya\Desktop\sem6\CS 346\tryy\tryy\Debug\link.26864.write.1.tlog
C:\Users\lakshya\Desktop\sem6\CS 346\tryy\tryy\Debug\link.26864-cvtres.read.1.tlog
C:\Users\lakshya\Desktop\sem6\CS 346\tryy\tryy\Debug\link.26864-cvtres.write.1.tlog
C:\Users\lakshya\Desktop\sem6\CS 346\tryy\tryy\Debug\link.27908.read.1.tlog
C:\Users\lakshya\Desktop\sem6\CS 346\tryy\tryy\Debug\link.27908.write.1.tlog
C:\Users\lakshya\Desktop\sem6\CS 346\tryy\tryy\Debug\link.27908-cvtres.read.1.tlog
C:\Users\lakshya\Desktop\sem6\CS 346\tryy\tryy\Debug\link.27908-cvtres.write.1.tlog
C:\Users\lakshya\Desktop\sem6\CS 346\tryy\tryy\Debug\link.28164.read.1.tlog
C:\Users\lakshya\Desktop\sem6\CS 346\tryy\tryy\Debug\link.28164.write.1.tlog
C:\Users\lakshya\Desktop\sem6\CS 346\tryy\tryy\Debug\link.28164-cvtres.read.1.tlog
C:\Users\lakshya\Desktop\sem6\CS 346\tryy\tryy\Debug\link.28164-cvtres.write.1.tlog
C:\Users\lakshya\Desktop\sem6\CS 346\tryy\tryy\Debug\link.28376.read.1.tlog
C:\Users\lakshya\Desktop\sem6\CS 346\tryy\tryy\Debug\link.28376.write.1.tlog
C:\Users\lakshya\Desktop\sem6\CS 346\tryy\tryy\Debug\link.28376-cvtres.read.1.tlog
C:\Users\lakshya\Desktop\sem6\CS 346\tryy\tryy\Debug\link.28376-cvtres.write.1.tlog
C:\Users\lakshya\Desktop\sem6\CS 346\tryy\tryy\Debug\link.29212.read.1.tlog
C:\Users\lakshya\Desktop\sem6\CS 346\tryy\tryy\Debug\link.29212.write.1.tlog
C:\Users\lakshya\Desktop\sem6\CS 346\tryy\tryy\Debug\link.29212-cvtres.read.1.tlog
C:\Users\lakshya\Desktop\sem6\CS 346\tryy\tryy\Debug\link.29212-cvtres.write.1.tlog
C:\Users\lakshya\Desktop\sem6\CS 346\tryy\tryy\Debug\link.29868.read.1.tlog
C:\Users\lakshya\Desktop\sem6\CS 346\tryy\tryy\Debug\link.29868.write.1.tlog
C:\Users\lakshya\Desktop\sem6\CS 346\tryy\tryy\Debug\link.29868-cvtres.read.1.tlog
C:\Users\lakshya\Desktop\sem6\CS 346\tryy\tryy\Debug\link.29868-cvtres.write.1.tlog
C:\Users\lakshya\Desktop\sem6\CS 346\tryy\tryy\Debug\link.3080.read.1.tlog
C:\Users\lakshya\Desktop\sem6\CS 346\tryy\tryy\Debug\link.3080.write.1.tlog
C:\Users\lakshya\Desktop\sem6\CS 346\tryy\tryy\Debug\link.3080-cvtres.read.1.tlog
C:\Users\lakshya\Desktop\sem6\CS 346\tryy\tryy\Debug\link.3080-cvtres.write.1.tlog
C:\Users\lakshya\Desktop\sem6\CS 346\tryy\tryy\Debug\link.30840.read.1.tlog
C:\Users\lakshya\Desktop\sem6\CS 346\tryy\tryy\Debug\link.30840.write.1.tlog
C:\Users\lakshya\Desktop\sem6\CS 346\tryy\tryy\Debug\link.30840-cvtres.read.1.tlog
C:\Users\lakshya\Desktop\sem6\CS 346\tryy\tryy\Debug\link.30840-cvtres.write.1.tlog
C:\Users\lakshya\Desktop\sem6\CS 346\tryy\tryy\Debug\link.30972.read.1.tlog
C:\Users\lakshya\Desktop\sem6\CS 346\tryy\tryy\Debug\link.30972.write.1.tlog
C:\Users\lakshya\Desktop\sem6\CS 346\tryy\tryy\Debug\link.30972-cvtres.read.1.tlog
C:\Users\lakshya\Desktop\sem6\CS 346\tryy\tryy\Debug\link.30972-cvtres.write.1.tlog
C:\Users\lakshya\Desktop\sem6\CS 346\tryy\tryy\Debug\link.32372.read.1.tlog
C:\Users\lakshya\Desktop\sem6\CS 346\tryy\tryy\Debug\link.32372.write.1.tlog
C:\Users\lakshya\Desktop\sem6\CS 346\tryy\tryy\Debug\link.32372-cvtres.read.1.tlog
C:\Users\lakshya\Desktop\sem6\CS 346\tryy\tryy\Debug\link.32372-cvtres.write.1.tlog
C:\Users\lakshya\Desktop\sem6\CS 346\tryy\tryy\Debug\link.32576.read.1.tlog
C:\Users\lakshya\Desktop\sem6\CS 346\tryy\tryy\Debug\link.32576.write.1.tlog
C:\Users\lakshya\Desktop\sem6\CS 346\tryy\tryy\Debug\link.32576-cvtres.read.1.tlog
C:\Users\lakshya\Desktop\sem6\CS 346\tryy\tryy\Debug\link.32576-cvtres.write.1.tlog
C:\Users\lakshya\Desktop\sem6\CS 346\tryy\tryy\Debug\link.32644.read.1.tlog
C:\Users\lakshya\Desktop\sem6\CS 346\tryy\tryy\Debug\link.32644.write.1.tlog
C:\Users\lakshya\Desktop\sem6\CS 346\tryy\tryy\Debug\link.32644-cvtres.read.1.tlog
C:\Users\lakshya\Desktop\sem6\CS 346\tryy\tryy\Debug\link.32644-cvtres.write.1.tlog
C:\Users\lakshya\Desktop\sem6\CS 346\tryy\tryy\Debug\link.32976.read.1.tlog
C:\Users\lakshya\Desktop\sem6\CS 346\tryy\tryy\Debug\link.32976.write.1.tlog
C:\Users\lakshya\Desktop\sem6\CS 346\tryy\tryy\Debug\link.32976-cvtres.read.1.tlog
C:\Users\lakshya\Desktop\sem6\CS 346\tryy\tryy\Debug\link.32976-cvtres.write.1.tlog
C:\Users\lakshya\Desktop\sem6\CS 346\tryy\tryy\Debug\link.33284.read.1.tlog
C:\Users\lakshya\Desktop\sem6\CS 346\tryy\tryy\Debug\link.33284.write.1.tlog
C:\Users\lakshya\Desktop\sem6\CS 346\tryy\tryy\Debug\link.33284-cvtres.read.1.tlog
C:\Users\lakshya\Desktop\sem6\CS 346\tryy\tryy\Debug\link.33284-cvtres.write.1.tlog
C:\Users\lakshya\Desktop\sem6\CS 346\tryy\tryy\Debug\link.33388.read.1.tlog
C:\Users\lakshya\Desktop\sem6\CS 346\tryy\tryy\Debug\link.33388.write.1.tlog
C:\Users\lakshya\Desktop\sem6\CS 346\tryy\tryy\Debug\link.33388-cvtres.read.1.tlog
C:\Users\lakshya\Desktop\sem6\CS 346\tryy\tryy\Debug\link.33388-cvtres.write.1.tlog
C:\Users\lakshya\Desktop\sem6\CS 346\tryy\tryy\Debug\link.33544.read.1.tlog
C:\Users\lakshya\Desktop\sem6\CS 346\tryy\tryy\Debug\link.33544.write.1.tlog
C:\Users\lakshya\Desktop\sem6\CS 346\tryy\tryy\Debug\link.33544-cvtres.read.1.tlog
C:\Users\lakshya\Desktop\sem6\CS 346\tryy\tryy\Debug\link.33544-cvtres.write.1.tlog
C:\Users\lakshya\Desktop\sem6\CS 346\tryy\tryy\Debug\link.33768.read.1.tlog
C:\Users\lakshya\Desktop\sem6\CS 346\tryy\tryy\Debug\link.33768.write.1.tlog
C:\Users\lakshya\Desktop\sem6\CS 346\tryy\tryy\Debug\link.33768-cvtres.read.1.tlog
C:\Users\lakshya\Desktop\sem6\CS 346\tryy\tryy\Debug\link.33768-cvtres.write.1.tlog
C:\Users\lakshya\Desktop\sem6\CS 346\tryy\tryy\Debug\link.33848.read.1.tlog
C:\Users\lakshya\Desktop\sem6\CS 346\tryy\tryy\Debug\link.33848.write.1.tlog
C:\Users\lakshya\Desktop\sem6\CS 346\tryy\tryy\Debug\link.33848-cvtres.read.1.tlog
C:\Users\lakshya\Desktop\sem6\CS 346\tryy\tryy\Debug\link.33848-cvtres.write.1.tlog
C:\Users\lakshya\Desktop\sem6\CS 346\tryy\tryy\Debug\link.35136.read.1.tlog
C:\Users\lakshya\Desktop\sem6\CS 346\tryy\tryy\Debug\link.35136.write.1.tlog
C:\Users\lakshya\Desktop\sem6\CS 346\tryy\tryy\Debug\link.35136-cvtres.read.1.tlog
C:\Users\lakshya\Desktop\sem6\CS 346\tryy\tryy\Debug\link.35136-cvtres.write.1.tlog
C:\Users\lakshya\Desktop\sem6\CS 346\tryy\tryy\Debug\link.35224.read.1.tlog
C:\Users\lakshya\Desktop\sem6\CS 346\tryy\tryy\Debug\link.35224.write.1.tlog
C:\Users\lakshya\Desktop\sem6\CS 346\tryy\tryy\Debug\link.35224-cvtres.read.1.tlog
C:\Users\lakshya\Desktop\sem6\CS 346\tryy\tryy\Debug\link.35224-cvtres.write.1.tlog
C:\Users\lakshya\Desktop\sem6\CS 346\tryy\tryy\Debug\link.35492.read.1.tlog
C:\Users\lakshya\Desktop\sem6\CS 346\tryy\tryy\Debug\link.35492.write.1.tlog
C:\Users\lakshya\Desktop\sem6\CS 346\tryy\tryy\Debug\link.35492-cvtres.read.1.tlog
C:\Users\lakshya\Desktop\sem6\CS 346\tryy\tryy\Debug\link.35492-cvtres.write.1.tlog
C:\Users\lakshya\Desktop\sem6\CS 346\tryy\tryy\Debug\link.35664.read.1.tlog
C:\Users\lakshya\Desktop\sem6\CS 346\tryy\tryy\Debug\link.35664.write.1.tlog
C:\Users\lakshya\Desktop\sem6\CS 346\tryy\tryy\Debug\link.35664-cvtres.read.1.tlog
C:\Users\lakshya\Desktop\sem6\CS 346\tryy\tryy\Debug\link.35664-cvtres.write.1.tlog
C:\Users\lakshya\Desktop\sem6\CS 346\tryy\tryy\Debug\link.35912.read.1.tlog
C:\Users\lakshya\Desktop\sem6\CS 346\tryy\tryy\Debug\link.35912.write.1.tlog
C:\Users\lakshya\Desktop\sem6\CS 346\tryy\tryy\Debug\link.35912-cvtres.read.1.tlog
C:\Users\lakshya\Desktop\sem6\CS 346\tryy\tryy\Debug\link.35912-cvtres.write.1.tlog
C:\Users\lakshya\Desktop\sem6\CS 346\tryy\tryy\Debug\link.36024.read.1.tlog
C:\Users\lakshya\Desktop\sem6\CS 346\tryy\tryy\Debug\link.36024.write.1.tlog
C:\Users\lakshya\Desktop\sem6\CS 346\tryy\tryy\Debug\link.36024-cvtres.read.1.tlog
C:\Users\lakshya\Desktop\sem6\CS 346\tryy\tryy\Debug\link.36024-cvtres.write.1.tlog
C:\Users\lakshya\Desktop\sem6\CS 346\tryy\tryy\Debug\link.36064.read.1.tlog
C:\Users\lakshya\Desktop\sem6\CS 346\tryy\tryy\Debug\link.36064.write.1.tlog
C:\Users\lakshya\Desktop\sem6\CS 346\tryy\tryy\Debug\link.36064-cvtres.read.1.tlog
C:\Users\lakshya\Desktop\sem6\CS 346\tryy\tryy\Debug\link.36064-cvtres.write.1.tlog
C:\Users\lakshya\Desktop\sem6\CS 346\tryy\tryy\Debug\link.3648.read.1.tlog
C:\Users\lakshya\Desktop\sem6\CS 346\tryy\tryy\Debug\link.3648.write.1.tlog
C:\Users\lakshya\Desktop\sem6\CS 346\tryy\tryy\Debug\link.3648-cvtres.read.1.tlog
C:\Users\lakshya\Desktop\sem6\CS 346\tryy\tryy\Debug\link.3648-cvtres.write.1.tlog
C:\Users\lakshya\Desktop\sem6\CS 346\tryy\tryy\Debug\link.37168.read.1.tlog
C:\Users\lakshya\Desktop\sem6\CS 346\tryy\tryy\Debug\link.37168.write.1.tlog
C:\Users\lakshya\Desktop\sem6\CS 346\tryy\tryy\Debug\link.37168-cvtres.read.1.tlog
C:\Users\lakshya\Desktop\sem6\CS 346\tryy\tryy\Debug\link.37168-cvtres.write.1.tlog
C:\Users\lakshya\Desktop\sem6\CS 346\tryy\tryy\Debug\link.37376.read.1.tlog
C:\Users\lakshya\Desktop\sem6\CS 346\tryy\tryy\Debug\link.37376.write.1.tlog
C:\Users\lakshya\Desktop\sem6\CS 346\tryy\tryy\Debug\link.37376-cvtres.read.1.tlog
C:\Users\lakshya\Desktop\sem6\CS 346\tryy\tryy\Debug\link.37376-cvtres.write.1.tlog
C:\Users\lakshya\Desktop\sem6\CS 346\tryy\tryy\Debug\link.3756.read.1.tlog
C:\Users\lakshya\Desktop\sem6\CS 346\tryy\tryy\Debug\link.3756.write.1.tlog
C:\Users\lakshya\Desktop\sem6\CS 346\tryy\tryy\Debug\link.3756-cvtres.read.1.tlog
C:\Users\lakshya\Desktop\sem6\CS 346\tryy\tryy\Debug\link.3756-cvtres.write.1.tlog
C:\Users\lakshya\Desktop\sem6\CS 346\tryy\tryy\Debug\link.3976.read.1.tlog
C:\Users\lakshya\Desktop\sem6\CS 346\tryy\tryy\Debug\link.3976.write.1.tlog
C:\Users\lakshya\Desktop\sem6\CS 346\tryy\tryy\Debug\link.3976-cvtres.read.1.tlog
C:\Users\lakshya\Desktop\sem6\CS 346\tryy\tryy\Debug\link.3976-cvtres.write.1.tlog
C:\Users\lakshya\Desktop\sem6\CS 346\tryy\tryy\Debug\link.4672.read.1.tlog
C:\Users\lakshya\Desktop\sem6\CS 346\tryy\tryy\Debug\link.4672.write.1.tlog
C:\Users\lakshya\Desktop\sem6\CS 346\tryy\tryy\Debug\link.4672-cvtres.read.1.tlog
C:\Users\lakshya\Desktop\sem6\CS 346\tryy\tryy\Debug\link.4672-cvtres.write.1.tlog
C:\Users\lakshya\Desktop\sem6\CS 346\tryy\tryy\Debug\link.756.read.1.tlog
C:\Users\lakshya\Desktop\sem6\CS 346\tryy\tryy\Debug\link.756.write.1.tlog
C:\Users\lakshya\Desktop\sem6\CS 346\tryy\tryy\Debug\link.756-cvtres.read.1.tlog
C:\Users\lakshya\Desktop\sem6\CS 346\tryy\tryy\Debug\link.756-cvtres.write.1.tlog
C:\Users\lakshya\Desktop\sem6\CS 346\tryy\tryy\Debug\link.8116.read.1.tlog
C:\Users\lakshya\Desktop\sem6\CS 346\tryy\tryy\Debug\link.8116.write.1.tlog
C:\Users\lakshya\Desktop\sem6\CS 346\tryy\tryy\Debug\link.8116-cvtres.read.1.tlog
C:\Users\lakshya\Desktop\sem6\CS 346\tryy\tryy\Debug\link.8116-cvtres.write.1.tlog
C:\Users\lakshya\Desktop\sem6\CS 346\tryy\tryy\Debug\link.8568.read.1.tlog
C:\Users\lakshya\Desktop\sem6\CS 346\tryy\tryy\Debug\link.8568.write.1.tlog
C:\Users\lakshya\Desktop\sem6\CS 346\tryy\tryy\Debug\link.8568-cvtres.read.1.tlog
C:\Users\lakshya\Desktop\sem6\CS 346\tryy\tryy\Debug\link.8568-cvtres.write.1.tlog
C:\Users\lakshya\Desktop\sem6\CS 346\tryy\tryy\Debug\link.9060.read.1.tlog
C:\Users\lakshya\Desktop\sem6\CS 346\tryy\tryy\Debug\link.9060.write.1.tlog
C:\Users\lakshya\Desktop\sem6\CS 346\tryy\tryy\Debug\link.9060-cvtres.read.1.tlog
C:\Users\lakshya\Desktop\sem6\CS 346\tryy\tryy\Debug\link.9060-cvtres.write.1.tlog
C:\Users\lakshya\Desktop\sem6\CS 346\tryy\tryy\Debug\link.9276.read.1.tlog
C:\Users\lakshya\Desktop\sem6\CS 346\tryy\tryy\Debug\link.9276.write.1.tlog
C:\Users\lakshya\Desktop\sem6\CS 346\tryy\tryy\Debug\link.9276-cvtres.read.1.tlog
C:\Users\lakshya\Desktop\sem6\CS 346\tryy\tryy\Debug\link.9276-cvtres.write.1.tlog
C:\Users\lakshya\Desktop\sem6\CS 346\tryy\tryy\Debug\link.9300.read.1.tlog
C:\Users\lakshya\Desktop\sem6\CS 346\tryy\tryy\Debug\link.9300.write.1.tlog
C:\Users\lakshya\Desktop\sem6\CS 346\tryy\tryy\Debug\link.9300-cvtres.read.1.tlog
C:\Users\lakshya\Desktop\sem6\CS 346\tryy\tryy\Debug\link.9300-cvtres.write.1.tlog
C:\Users\lakshya\Desktop\sem6\CS 346\tryy\tryy\Debug\link.command.1.tlog
C:\Users\lakshya\Desktop\sem6\CS 346\tryy\tryy\Debug\link.read.1.tlog
C:\Users\lakshya\Desktop\sem6\CS 346\tryy\tryy\Debug\link.write.1.tlog
C:\Users\lakshya\Desktop\sem6\CS 346\tryy\tryy\Debug\mt.command.1.tlog
C:\Users\lakshya\Desktop\sem6\CS 346\tryy\tryy\Debug\mt.read.1.tlog
C:\Users\lakshya\Desktop\sem6\CS 346\tryy\tryy\Debug\mt.write.1.tlog
C:\Users\lakshya\Desktop\sem6\CS 346\tryy\tryy\Debug\rc.command.1.tlog
C:\Users\lakshya\Desktop\sem6\CS 346\tryy\tryy\Debug\rc.read.1.tlog
C:\Users\lakshya\Desktop\sem6\CS 346\tryy\tryy\Debug\rc.write.1.tlog
C:\USERS\LAKSHYA\DESKTOP\SEM6\CS 346\TRYY\TRYY\DEBUG\STDAFX.OBJ
C:\USERS\LAKSHYA\DESKTOP\SEM6\CS 346\TRYY\TRYY\DEBUG\TRYY.EXE.INTERMEDIATE.MANIFEST
C:\Users\lakshya\Desktop\sem6\CS 346\tryy\tryy\Debug\tryy.Form1.resources
C:\USERS\LAKSHYA\DESKTOP\SEM6\CS 346\TRYY\TRYY\DEBUG\TRYY.OBJ
C:\USERS\LAKSHYA\DESKTOP\SEM6\CS 346\TRYY\TRYY\DEBUG\TRYY.PCH
C:\Users\lakshya\Desktop\sem6\CS 346\tryy\tryy\Debug\tryy.vcxproj.GenerateResource.Cache
C:\Users\lakshya\Desktop\sem6\CS 346\tryy\tryy\Debug\tryy.vcxprojResolveAssemblyReference.cache
C:\Users\lakshya\Desktop\sem6\CS 346\tryy\tryy\Debug\tryy.write.1.tlog
C:\USERS\LAKSHYA\DESKTOP\SEM6\CS 346\TRYY\TRYY\DEBUG\VC100.PDB
